2026-05-16 16:53:45,572 [INFO] ============================================================
2026-05-16 16:53:45,572 [INFO] HantaCast Forecast — 150-day horizon
2026-05-16 16:53:45,572 [INFO] Config: C:\Users\30382\OneDrive\桌面\HantaCast_train_minimal\configs\default.yaml
2026-05-16 16:53:45,572 [INFO] Checkpoint: outputs/checkpoints/hantacast_best.pt
2026-05-16 16:53:45,572 [INFO] Horizon: 150 days
2026-05-16 16:53:45,572 [INFO] Step horizon: 1
2026-05-16 16:53:45,573 [INFO] ============================================================
2026-05-16 16:53:45,573 [INFO] Loading data from: data/processed/case_timeseries_standardized.csv
2026-05-16 16:53:45,580 [INFO] Data loaded: 10 observations
2026-05-16 16:53:45,827 [INFO] HantaCast checkpoint loaded from outputs\checkpoints\hantacast_best.pt
2026-05-16 16:53:45,830 [INFO] HantaCast: pre-training MixLinear on full dataset ...
2026-05-16 16:53:47,887 [INFO]   Epoch   1/80 | train_loss=0.7626 | val_loss=0.4200
2026-05-16 16:53:47,896 [INFO]   Epoch   2/80 | train_loss=0.6841 | val_loss=0.4498
2026-05-16 16:53:47,902 [INFO]   Epoch   3/80 | train_loss=0.6373 | val_loss=0.4837
2026-05-16 16:53:47,908 [INFO]   Epoch   4/80 | train_loss=0.5778 | val_loss=0.5253
2026-05-16 16:53:47,915 [INFO]   Epoch   5/80 | train_loss=0.5169 | val_loss=0.5733
2026-05-16 16:53:47,920 [INFO]   Epoch   6/80 | train_loss=0.4384 | val_loss=0.6317
2026-05-16 16:53:47,925 [INFO]   Epoch   7/80 | train_loss=0.3859 | val_loss=0.6981
2026-05-16 16:53:47,931 [INFO]   Epoch   8/80 | train_loss=0.2765 | val_loss=0.7794
2026-05-16 16:53:47,936 [INFO]   Epoch   9/80 | train_loss=0.1411 | val_loss=0.8651
2026-05-16 16:53:47,940 [INFO]   Epoch  10/80 | train_loss=0.0876 | val_loss=0.9637
2026-05-16 16:53:47,950 [INFO]   Epoch  11/80 | train_loss=0.1052 | val_loss=1.0216
2026-05-16 16:53:47,950 [INFO]   Early stopping at epoch 11
2026-05-16 16:53:47,952 [INFO] HantaCast: computing MixLinear signal on full dataset ...
2026-05-16 16:53:47,963 [INFO] HantaCast: MixLinear pre-training complete (10 days)
2026-05-16 16:53:47,963 [INFO]   Step 1/3: Rolling MixLinear signal forward ...
2026-05-16 16:53:48,376 [INFO]   Step 2/3: SEIRD point forecast ...
2026-05-16 16:53:48,387 [INFO]   Step 3/3: Bootstrapping SEIRD parameters (120 samples) ...
2026-05-16 16:53:48,929 [INFO] Forecast saved to outputs\predictions\forecast_150day.csv
2026-05-16 16:53:48,929 [INFO] Forecast shape: (150, 8)
2026-05-16 16:53:48,930 [INFO] Forecast columns: ['model', 'date', 'day_index', 'forecast_median', 'forecast_lower', 'forecast_upper', 'interval_type', 'interval_source']
